[2025-12-14T04:35:01.600+0000] {local_task_job_runner.py:123} INFO - ::group::Pre task execution logs
[2025-12-14T04:35:01.610+0000] {taskinstance.py:2613} INFO - Dependencies all met for dep_context=non-requeueable deps ti=<TaskInstance: raw_vault_incremental_ingest.t_diff scheduled__2025-12-14T04:30:00+00:00 [queued]>
[2025-12-14T04:35:01.614+0000] {taskinstance.py:2613} INFO - Dependencies all met for dep_context=requeueable deps ti=<TaskInstance: raw_vault_incremental_ingest.t_diff scheduled__2025-12-14T04:30:00+00:00 [queued]>
[2025-12-14T04:35:01.615+0000] {taskinstance.py:2866} INFO - Starting attempt 1 of 2
[2025-12-14T04:35:01.622+0000] {taskinstance.py:2889} INFO - Executing <Task(_PythonDecoratedOperator): t_diff> on 2025-12-14 04:30:00+00:00
[2025-12-14T04:35:01.630+0000] {logging_mixin.py:190} WARNING - /home/***/.local/lib/python3.12/site-packages/***/task/task_runner/standard_task_runner.py:70 DeprecationWarning: This process (pid=2218) is multi-threaded, use of fork() may lead to deadlocks in the child.
[2025-12-14T04:35:01.631+0000] {standard_task_runner.py:72} INFO - Started process 2220 to run task
[2025-12-14T04:35:01.629+0000] {standard_task_runner.py:104} INFO - Running: ['***', 'tasks', 'run', 'raw_vault_incremental_ingest', 't_diff', 'scheduled__2025-12-14T04:30:00+00:00', '--job-id', '128', '--raw', '--subdir', 'DAGS_FOLDER/raw_vault_ingest_dag.py', '--cfg-path', '/tmp/tmpza9fy92q']
[2025-12-14T04:35:01.631+0000] {standard_task_runner.py:105} INFO - Job 128: Subtask t_diff
[2025-12-14T04:35:01.661+0000] {task_command.py:467} INFO - Running <TaskInstance: raw_vault_incremental_ingest.t_diff scheduled__2025-12-14T04:30:00+00:00 [running]> on host 2a9162673db2
[2025-12-14T04:35:01.722+0000] {taskinstance.py:3132} INFO - Exporting env vars: AIRFLOW_CTX_DAG_OWNER='***' AIRFLOW_CTX_DAG_ID='raw_vault_incremental_ingest' AIRFLOW_CTX_TASK_ID='t_diff' AIRFLOW_CTX_EXECUTION_DATE='2025-12-14T04:30:00+00:00' AIRFLOW_CTX_TRY_NUMBER='1' AIRFLOW_CTX_DAG_RUN_ID='scheduled__2025-12-14T04:30:00+00:00'
[2025-12-14T04:35:01.722+0000] {taskinstance.py:731} INFO - ::endgroup::
[2025-12-14T04:35:01.724+0000] {crypto.py:82} WARNING - empty cryptography key - values will not be stored encrypted.
[2025-12-14T04:35:01.725+0000] {base.py:84} INFO - Retrieving connection 'RAWVAULT_PG'
[2025-12-14T04:35:01.729+0000] {base.py:84} INFO - Retrieving connection 'RAWVAULT_PG'
[2025-12-14T04:35:01.733+0000] {python.py:240} INFO - Done. Returned value was: {'to_process': [], 'missing': []}
[2025-12-14T04:35:01.747+0000] {taskinstance.py:340} INFO - ::group::Post task execution logs
[2025-12-14T04:35:01.747+0000] {taskinstance.py:352} INFO - Marking task as SUCCESS. dag_id=raw_vault_incremental_ingest, task_id=t_diff, run_id=scheduled__2025-12-14T04:30:00+00:00, execution_date=20251214T043000, start_date=20251214T043501, end_date=20251214T043501
[2025-12-14T04:35:01.764+0000] {local_task_job_runner.py:266} INFO - Task exited with return code 0
[2025-12-14T04:35:01.778+0000] {taskinstance.py:3895} INFO - 2 downstream tasks scheduled from follow-on schedule check
[2025-12-14T04:35:01.780+0000] {local_task_job_runner.py:245} INFO - ::endgroup::
