[2025-12-14T07:40:01.734+0000] {local_task_job_runner.py:123} INFO - ::group::Pre task execution logs
[2025-12-14T07:40:01.744+0000] {taskinstance.py:2613} INFO - Dependencies all met for dep_context=non-requeueable deps ti=<TaskInstance: raw_vault_incremental_ingest.t_diff scheduled__2025-12-14T07:35:00+00:00 [queued]>
[2025-12-14T07:40:01.748+0000] {taskinstance.py:2613} INFO - Dependencies all met for dep_context=requeueable deps ti=<TaskInstance: raw_vault_incremental_ingest.t_diff scheduled__2025-12-14T07:35:00+00:00 [queued]>
[2025-12-14T07:40:01.749+0000] {taskinstance.py:2866} INFO - Starting attempt 1 of 2
[2025-12-14T07:40:01.756+0000] {taskinstance.py:2889} INFO - Executing <Task(_PythonDecoratedOperator): t_diff> on 2025-12-14 07:35:00+00:00
[2025-12-14T07:40:01.764+0000] {logging_mixin.py:190} WARNING - /home/***/.local/lib/python3.12/site-packages/***/task/task_runner/standard_task_runner.py:70 DeprecationWarning: This process (pid=5006) is multi-threaded, use of fork() may lead to deadlocks in the child.
[2025-12-14T07:40:01.764+0000] {standard_task_runner.py:104} INFO - Running: ['***', 'tasks', 'run', 'raw_vault_incremental_ingest', 't_diff', 'scheduled__2025-12-14T07:35:00+00:00', '--job-id', '276', '--raw', '--subdir', 'DAGS_FOLDER/raw_vault_ingest_dag.py', '--cfg-path', '/tmp/tmp09k88w6o']
[2025-12-14T07:40:01.765+0000] {standard_task_runner.py:72} INFO - Started process 5008 to run task
[2025-12-14T07:40:01.765+0000] {standard_task_runner.py:105} INFO - Job 276: Subtask t_diff
[2025-12-14T07:40:01.798+0000] {task_command.py:467} INFO - Running <TaskInstance: raw_vault_incremental_ingest.t_diff scheduled__2025-12-14T07:35:00+00:00 [running]> on host 2a9162673db2
[2025-12-14T07:40:01.863+0000] {taskinstance.py:3132} INFO - Exporting env vars: AIRFLOW_CTX_DAG_OWNER='***' AIRFLOW_CTX_DAG_ID='raw_vault_incremental_ingest' AIRFLOW_CTX_TASK_ID='t_diff' AIRFLOW_CTX_EXECUTION_DATE='2025-12-14T07:35:00+00:00' AIRFLOW_CTX_TRY_NUMBER='1' AIRFLOW_CTX_DAG_RUN_ID='scheduled__2025-12-14T07:35:00+00:00'
[2025-12-14T07:40:01.864+0000] {taskinstance.py:731} INFO - ::endgroup::
[2025-12-14T07:40:01.866+0000] {crypto.py:82} WARNING - empty cryptography key - values will not be stored encrypted.
[2025-12-14T07:40:01.867+0000] {base.py:84} INFO - Retrieving connection 'RAWVAULT_PG'
[2025-12-14T07:40:01.871+0000] {base.py:84} INFO - Retrieving connection 'RAWVAULT_PG'
[2025-12-14T07:40:01.875+0000] {python.py:240} INFO - Done. Returned value was: {'to_process': [], 'missing': []}
[2025-12-14T07:40:01.890+0000] {taskinstance.py:340} INFO - ::group::Post task execution logs
[2025-12-14T07:40:01.891+0000] {taskinstance.py:352} INFO - Marking task as SUCCESS. dag_id=raw_vault_incremental_ingest, task_id=t_diff, run_id=scheduled__2025-12-14T07:35:00+00:00, execution_date=20251214T073500, start_date=20251214T074001, end_date=20251214T074001
[2025-12-14T07:40:01.938+0000] {local_task_job_runner.py:266} INFO - Task exited with return code 0
[2025-12-14T07:40:01.953+0000] {taskinstance.py:3895} INFO - 2 downstream tasks scheduled from follow-on schedule check
[2025-12-14T07:40:01.955+0000] {local_task_job_runner.py:245} INFO - ::endgroup::
