[2025-12-14T08:05:01.849+0000] {local_task_job_runner.py:123} INFO - ::group::Pre task execution logs
[2025-12-14T08:05:01.858+0000] {taskinstance.py:2613} INFO - Dependencies all met for dep_context=non-requeueable deps ti=<TaskInstance: raw_vault_incremental_ingest.t_diff scheduled__2025-12-14T08:00:00+00:00 [queued]>
[2025-12-14T08:05:01.863+0000] {taskinstance.py:2613} INFO - Dependencies all met for dep_context=requeueable deps ti=<TaskInstance: raw_vault_incremental_ingest.t_diff scheduled__2025-12-14T08:00:00+00:00 [queued]>
[2025-12-14T08:05:01.863+0000] {taskinstance.py:2866} INFO - Starting attempt 1 of 2
[2025-12-14T08:05:01.870+0000] {taskinstance.py:2889} INFO - Executing <Task(_PythonDecoratedOperator): t_diff> on 2025-12-14 08:00:00+00:00
[2025-12-14T08:05:01.878+0000] {logging_mixin.py:190} WARNING - /home/***/.local/lib/python3.12/site-packages/***/task/task_runner/standard_task_runner.py:70 DeprecationWarning: This process (pid=5380) is multi-threaded, use of fork() may lead to deadlocks in the child.
[2025-12-14T08:05:01.878+0000] {standard_task_runner.py:104} INFO - Running: ['***', 'tasks', 'run', 'raw_vault_incremental_ingest', 't_diff', 'scheduled__2025-12-14T08:00:00+00:00', '--job-id', '296', '--raw', '--subdir', 'DAGS_FOLDER/raw_vault_ingest_dag.py', '--cfg-path', '/tmp/tmp0f3tuuru']
[2025-12-14T08:05:01.879+0000] {standard_task_runner.py:72} INFO - Started process 5382 to run task
[2025-12-14T08:05:01.879+0000] {standard_task_runner.py:105} INFO - Job 296: Subtask t_diff
[2025-12-14T08:05:01.909+0000] {task_command.py:467} INFO - Running <TaskInstance: raw_vault_incremental_ingest.t_diff scheduled__2025-12-14T08:00:00+00:00 [running]> on host 2a9162673db2
[2025-12-14T08:05:01.970+0000] {taskinstance.py:3132} INFO - Exporting env vars: AIRFLOW_CTX_DAG_OWNER='***' AIRFLOW_CTX_DAG_ID='raw_vault_incremental_ingest' AIRFLOW_CTX_TASK_ID='t_diff' AIRFLOW_CTX_EXECUTION_DATE='2025-12-14T08:00:00+00:00' AIRFLOW_CTX_TRY_NUMBER='1' AIRFLOW_CTX_DAG_RUN_ID='scheduled__2025-12-14T08:00:00+00:00'
[2025-12-14T08:05:01.971+0000] {taskinstance.py:731} INFO - ::endgroup::
[2025-12-14T08:05:01.973+0000] {crypto.py:82} WARNING - empty cryptography key - values will not be stored encrypted.
[2025-12-14T08:05:01.973+0000] {base.py:84} INFO - Retrieving connection 'RAWVAULT_PG'
[2025-12-14T08:05:01.978+0000] {base.py:84} INFO - Retrieving connection 'RAWVAULT_PG'
[2025-12-14T08:05:01.982+0000] {python.py:240} INFO - Done. Returned value was: {'to_process': [], 'missing': []}
[2025-12-14T08:05:01.997+0000] {taskinstance.py:340} INFO - ::group::Post task execution logs
[2025-12-14T08:05:01.997+0000] {taskinstance.py:352} INFO - Marking task as SUCCESS. dag_id=raw_vault_incremental_ingest, task_id=t_diff, run_id=scheduled__2025-12-14T08:00:00+00:00, execution_date=20251214T080000, start_date=20251214T080501, end_date=20251214T080501
[2025-12-14T08:05:02.013+0000] {local_task_job_runner.py:266} INFO - Task exited with return code 0
[2025-12-14T08:05:02.027+0000] {taskinstance.py:3895} INFO - 2 downstream tasks scheduled from follow-on schedule check
[2025-12-14T08:05:02.031+0000] {local_task_job_runner.py:245} INFO - ::endgroup::
