[2025-12-14T02:24:16.639+0000] {local_task_job_runner.py:123} INFO - ::group::Pre task execution logs
[2025-12-14T02:24:16.649+0000] {taskinstance.py:2613} INFO - Dependencies all met for dep_context=non-requeueable deps ti=<TaskInstance: raw_vault_incremental_ingest.t_process scheduled__2025-12-14T01:50:00+00:00 [queued]>
[2025-12-14T02:24:16.654+0000] {taskinstance.py:2613} INFO - Dependencies all met for dep_context=requeueable deps ti=<TaskInstance: raw_vault_incremental_ingest.t_process scheduled__2025-12-14T01:50:00+00:00 [queued]>
[2025-12-14T02:24:16.654+0000] {taskinstance.py:2866} INFO - Starting attempt 1 of 2
[2025-12-14T02:24:16.661+0000] {taskinstance.py:2889} INFO - Executing <Task(_PythonDecoratedOperator): t_process> on 2025-12-14 01:50:00+00:00
[2025-12-14T02:24:16.670+0000] {logging_mixin.py:190} WARNING - /home/***/.local/lib/python3.12/site-packages/***/task/task_runner/standard_task_runner.py:70 DeprecationWarning: This process (pid=181) is multi-threaded, use of fork() may lead to deadlocks in the child.
[2025-12-14T02:24:16.669+0000] {standard_task_runner.py:104} INFO - Running: ['***', 'tasks', 'run', 'raw_vault_incremental_ingest', 't_process', 'scheduled__2025-12-14T01:50:00+00:00', '--job-id', '5', '--raw', '--subdir', 'DAGS_FOLDER/raw_vault_ingest_dag.py', '--cfg-path', '/tmp/tmp_8qh4dqj']
[2025-12-14T02:24:16.671+0000] {standard_task_runner.py:72} INFO - Started process 185 to run task
[2025-12-14T02:24:16.671+0000] {standard_task_runner.py:105} INFO - Job 5: Subtask t_process
[2025-12-14T02:24:16.709+0000] {task_command.py:467} INFO - Running <TaskInstance: raw_vault_incremental_ingest.t_process scheduled__2025-12-14T01:50:00+00:00 [running]> on host 2a9162673db2
[2025-12-14T02:24:16.771+0000] {taskinstance.py:3132} INFO - Exporting env vars: AIRFLOW_CTX_DAG_OWNER='***' AIRFLOW_CTX_DAG_ID='raw_vault_incremental_ingest' AIRFLOW_CTX_TASK_ID='t_process' AIRFLOW_CTX_EXECUTION_DATE='2025-12-14T01:50:00+00:00' AIRFLOW_CTX_TRY_NUMBER='1' AIRFLOW_CTX_DAG_RUN_ID='scheduled__2025-12-14T01:50:00+00:00'
[2025-12-14T02:24:16.772+0000] {taskinstance.py:731} INFO - ::endgroup::
[2025-12-14T02:24:16.774+0000] {crypto.py:82} WARNING - empty cryptography key - values will not be stored encrypted.
[2025-12-14T02:24:16.775+0000] {base.py:84} INFO - Retrieving connection 'RAWVAULT_PG'
[2025-12-14T02:24:16.817+0000] {base.py:84} INFO - Retrieving connection 'RAWVAULT_PG'
[2025-12-14T02:24:16.826+0000] {logging_mixin.py:190} WARNING - /opt/***/dags/raw_vault/rules.py:17 UserWarning: pandas only supports SQLAlchemy connectable (engine/connection) or database string URI or sqlite3 DBAPI2 connection. Other DBAPI2 objects are not tested. Please consider using SQLAlchemy.
[2025-12-14T02:24:16.832+0000] {base.py:84} INFO - Retrieving connection 'RAWVAULT_PG'
[2025-12-14T02:24:16.854+0000] {base.py:84} INFO - Retrieving connection 'RAWVAULT_PG'
[2025-12-14T02:24:16.863+0000] {base.py:84} INFO - Retrieving connection 'RAWVAULT_PG'
[2025-12-14T02:24:16.867+0000] {logging_mixin.py:190} WARNING - /opt/***/dags/raw_vault/rules.py:17 UserWarning: pandas only supports SQLAlchemy connectable (engine/connection) or database string URI or sqlite3 DBAPI2 connection. Other DBAPI2 objects are not tested. Please consider using SQLAlchemy.
[2025-12-14T02:24:16.890+0000] {base.py:84} INFO - Retrieving connection 'RAWVAULT_PG'
[2025-12-14T02:24:16.898+0000] {base.py:84} INFO - Retrieving connection 'RAWVAULT_PG'
[2025-12-14T02:24:16.902+0000] {logging_mixin.py:190} WARNING - /opt/***/dags/raw_vault/rules.py:17 UserWarning: pandas only supports SQLAlchemy connectable (engine/connection) or database string URI or sqlite3 DBAPI2 connection. Other DBAPI2 objects are not tested. Please consider using SQLAlchemy.
[2025-12-14T02:24:16.924+0000] {base.py:84} INFO - Retrieving connection 'RAWVAULT_PG'
[2025-12-14T02:24:16.931+0000] {base.py:84} INFO - Retrieving connection 'RAWVAULT_PG'
[2025-12-14T02:24:16.935+0000] {logging_mixin.py:190} WARNING - /opt/***/dags/raw_vault/rules.py:17 UserWarning: pandas only supports SQLAlchemy connectable (engine/connection) or database string URI or sqlite3 DBAPI2 connection. Other DBAPI2 objects are not tested. Please consider using SQLAlchemy.
[2025-12-14T02:24:16.965+0000] {base.py:84} INFO - Retrieving connection 'RAWVAULT_PG'
[2025-12-14T02:24:16.973+0000] {base.py:84} INFO - Retrieving connection 'RAWVAULT_PG'
[2025-12-14T02:24:16.977+0000] {logging_mixin.py:190} WARNING - /opt/***/dags/raw_vault/rules.py:17 UserWarning: pandas only supports SQLAlchemy connectable (engine/connection) or database string URI or sqlite3 DBAPI2 connection. Other DBAPI2 objects are not tested. Please consider using SQLAlchemy.
[2025-12-14T02:24:17.045+0000] {base.py:84} INFO - Retrieving connection 'RAWVAULT_PG'
[2025-12-14T02:24:17.054+0000] {base.py:84} INFO - Retrieving connection 'RAWVAULT_PG'
[2025-12-14T02:24:17.058+0000] {logging_mixin.py:190} WARNING - /opt/***/dags/raw_vault/rules.py:17 UserWarning: pandas only supports SQLAlchemy connectable (engine/connection) or database string URI or sqlite3 DBAPI2 connection. Other DBAPI2 objects are not tested. Please consider using SQLAlchemy.
[2025-12-14T02:24:17.118+0000] {base.py:84} INFO - Retrieving connection 'RAWVAULT_PG'
[2025-12-14T02:24:17.127+0000] {base.py:84} INFO - Retrieving connection 'RAWVAULT_PG'
[2025-12-14T02:24:17.131+0000] {logging_mixin.py:190} WARNING - /opt/***/dags/raw_vault/rules.py:17 UserWarning: pandas only supports SQLAlchemy connectable (engine/connection) or database string URI or sqlite3 DBAPI2 connection. Other DBAPI2 objects are not tested. Please consider using SQLAlchemy.
[2025-12-14T02:24:17.154+0000] {base.py:84} INFO - Retrieving connection 'RAWVAULT_PG'
[2025-12-14T02:24:17.162+0000] {base.py:84} INFO - Retrieving connection 'RAWVAULT_PG'
[2025-12-14T02:24:17.166+0000] {logging_mixin.py:190} WARNING - /opt/***/dags/raw_vault/rules.py:17 UserWarning: pandas only supports SQLAlchemy connectable (engine/connection) or database string URI or sqlite3 DBAPI2 connection. Other DBAPI2 objects are not tested. Please consider using SQLAlchemy.
[2025-12-14T02:24:17.250+0000] {base.py:84} INFO - Retrieving connection 'RAWVAULT_PG'
[2025-12-14T02:24:17.258+0000] {base.py:84} INFO - Retrieving connection 'RAWVAULT_PG'
[2025-12-14T02:24:17.263+0000] {logging_mixin.py:190} WARNING - /opt/***/dags/raw_vault/rules.py:17 UserWarning: pandas only supports SQLAlchemy connectable (engine/connection) or database string URI or sqlite3 DBAPI2 connection. Other DBAPI2 objects are not tested. Please consider using SQLAlchemy.
[2025-12-14T02:24:17.332+0000] {base.py:84} INFO - Retrieving connection 'RAWVAULT_PG'
[2025-12-14T02:24:17.341+0000] {base.py:84} INFO - Retrieving connection 'RAWVAULT_PG'
[2025-12-14T02:24:17.345+0000] {logging_mixin.py:190} WARNING - /opt/***/dags/raw_vault/rules.py:17 UserWarning: pandas only supports SQLAlchemy connectable (engine/connection) or database string URI or sqlite3 DBAPI2 connection. Other DBAPI2 objects are not tested. Please consider using SQLAlchemy.
[2025-12-14T02:24:17.512+0000] {base.py:84} INFO - Retrieving connection 'RAWVAULT_PG'
[2025-12-14T02:24:17.521+0000] {base.py:84} INFO - Retrieving connection 'RAWVAULT_PG'
[2025-12-14T02:24:17.525+0000] {logging_mixin.py:190} WARNING - /opt/***/dags/raw_vault/rules.py:17 UserWarning: pandas only supports SQLAlchemy connectable (engine/connection) or database string URI or sqlite3 DBAPI2 connection. Other DBAPI2 objects are not tested. Please consider using SQLAlchemy.
[2025-12-14T02:24:17.944+0000] {base.py:84} INFO - Retrieving connection 'RAWVAULT_PG'
[2025-12-14T02:24:17.950+0000] {python.py:240} INFO - Done. Returned value was: None
[2025-12-14T02:24:17.957+0000] {taskinstance.py:340} INFO - ::group::Post task execution logs
[2025-12-14T02:24:17.957+0000] {taskinstance.py:352} INFO - Marking task as SUCCESS. dag_id=raw_vault_incremental_ingest, task_id=t_process, run_id=scheduled__2025-12-14T01:50:00+00:00, execution_date=20251214T015000, start_date=20251214T022416, end_date=20251214T022417
[2025-12-14T02:24:18.007+0000] {local_task_job_runner.py:266} INFO - Task exited with return code 0
[2025-12-14T02:24:18.019+0000] {taskinstance.py:3895} INFO - 0 downstream tasks scheduled from follow-on schedule check
[2025-12-14T02:24:18.021+0000] {local_task_job_runner.py:245} INFO - ::endgroup::
